{"C:\\Users\\703922\\.vscode\\React\\React_TypeScript\\LeagueOfLegends-TypeScript\\server\\routes\\getBaseDataRouter.ts": {"path":"C:\\Users\\703922\\.vscode\\React\\React_TypeScript\\LeagueOfLegends-TypeScript\\server\\routes\\getBaseDataRouter.ts","statementMap":{"0":{"start":{"line":1,"column":0},"end":{"line":1,"column":124}},"1":{"start":{"line":3,"column":0},"end":{"line":3,"column":53}},"2":{"start":{"line":4,"column":0},"end":{"line":4,"column":26}},"3":{"start":{"line":8,"column":23},"end":{"line":8,"column":32}},"4":{"start":{"line":11,"column":0},"end":{"line":26,"column":3}},"5":{"start":{"line":11,"column":87},"end":{"line":26,"column":2}},"6":{"start":{"line":12,"column":4},"end":{"line":12,"column":null}},"7":{"start":{"line":13,"column":23},"end":{"line":13,"column":44}},"8":{"start":{"line":14,"column":19},"end":{"line":14,"column":36}},"9":{"start":{"line":15,"column":4},"end":{"line":17,"column":null}},"10":{"start":{"line":16,"column":8},"end":{"line":16,"column":66}},"11":{"start":{"line":18,"column":4},"end":{"line":25,"column":null}},"12":{"start":{"line":19,"column":25},"end":{"line":21,"column":10}},"13":{"start":{"line":22,"column":8},"end":{"line":22,"column":35}},"14":{"start":{"line":24,"column":8},"end":{"line":24,"column":86}},"15":{"start":{"line":29,"column":0},"end":{"line":46,"column":null}},"16":{"start":{"line":29,"column":94},"end":{"line":46,"column":2}},"17":{"start":{"line":30,"column":23},"end":{"line":30,"column":36}},"18":{"start":{"line":31,"column":27},"end":{"line":31,"column":44}},"19":{"start":{"line":32,"column":4},"end":{"line":34,"column":null}},"20":{"start":{"line":33,"column":8},"end":{"line":33,"column":72}},"21":{"start":{"line":36,"column":21},"end":{"line":38,"column":6}},"22":{"start":{"line":39,"column":4},"end":{"line":44,"column":null}},"23":{"start":{"line":40,"column":8},"end":{"line":40,"column":35}},"24":{"start":{"line":43,"column":8},"end":{"line":43,"column":null}},"25":{"start":{"line":49,"column":0},"end":{"line":60,"column":3}},"26":{"start":{"line":49,"column":94},"end":{"line":60,"column":2}},"27":{"start":{"line":50,"column":30},"end":{"line":50,"column":50}},"28":{"start":{"line":51,"column":27},"end":{"line":51,"column":44}},"29":{"start":{"line":52,"column":4},"end":{"line":54,"column":null}},"30":{"start":{"line":53,"column":8},"end":{"line":53,"column":79}},"31":{"start":{"line":56,"column":21},"end":{"line":58,"column":6}},"32":{"start":{"line":59,"column":4},"end":{"line":59,"column":31}},"33":{"start":{"line":63,"column":0},"end":{"line":83,"column":null}},"34":{"start":{"line":63,"column":94},"end":{"line":83,"column":2}},"35":{"start":{"line":64,"column":28},"end":{"line":64,"column":54}},"36":{"start":{"line":65,"column":27},"end":{"line":65,"column":44}},"37":{"start":{"line":66,"column":4},"end":{"line":66,"column":null}},"38":{"start":{"line":67,"column":4},"end":{"line":67,"column":null}},"39":{"start":{"line":68,"column":4},"end":{"line":70,"column":null}},"40":{"start":{"line":69,"column":8},"end":{"line":69,"column":77}},"41":{"start":{"line":71,"column":4},"end":{"line":82,"column":null}},"42":{"start":{"line":72,"column":25},"end":{"line":74,"column":10}},"43":{"start":{"line":75,"column":8},"end":{"line":77,"column":null}},"44":{"start":{"line":76,"column":12},"end":{"line":76,"column":null}},"45":{"start":{"line":78,"column":8},"end":{"line":78,"column":35}},"46":{"start":{"line":81,"column":8},"end":{"line":81,"column":null}},"47":{"start":{"line":86,"column":0},"end":{"line":86,"column":30}}},"fnMap":{"0":{"name":"(anonymous_8)","decl":{"start":{"line":11,"column":49},"end":{"line":11,"column":56}},"loc":{"start":{"line":11,"column":87},"end":{"line":26,"column":2}}},"1":{"name":"(anonymous_9)","decl":{"start":{"line":11,"column":87},"end":{"line":11,"column":null}},"loc":{"start":{"line":11,"column":87},"end":{"line":26,"column":1}}},"2":{"name":"(anonymous_10)","decl":{"start":{"line":29,"column":56},"end":{"line":29,"column":63}},"loc":{"start":{"line":29,"column":94},"end":{"line":46,"column":2}}},"3":{"name":"(anonymous_11)","decl":{"start":{"line":29,"column":94},"end":{"line":29,"column":null}},"loc":{"start":{"line":29,"column":94},"end":{"line":46,"column":1}}},"4":{"name":"(anonymous_12)","decl":{"start":{"line":49,"column":56},"end":{"line":49,"column":63}},"loc":{"start":{"line":49,"column":94},"end":{"line":60,"column":2}}},"5":{"name":"(anonymous_13)","decl":{"start":{"line":49,"column":94},"end":{"line":49,"column":null}},"loc":{"start":{"line":49,"column":94},"end":{"line":60,"column":1}}},"6":{"name":"(anonymous_14)","decl":{"start":{"line":63,"column":56},"end":{"line":63,"column":63}},"loc":{"start":{"line":63,"column":94},"end":{"line":83,"column":2}}},"7":{"name":"(anonymous_15)","decl":{"start":{"line":63,"column":94},"end":{"line":63,"column":null}},"loc":{"start":{"line":63,"column":94},"end":{"line":83,"column":1}}}},"branchMap":{"0":{"loc":{"start":{"line":15,"column":4},"end":{"line":17,"column":null}},"type":"if","locations":[{"start":{"line":15,"column":4},"end":{"line":17,"column":null}},{"start":{"line":15,"column":4},"end":{"line":17,"column":null}}]},"1":{"loc":{"start":{"line":32,"column":4},"end":{"line":34,"column":null}},"type":"if","locations":[{"start":{"line":32,"column":4},"end":{"line":34,"column":null}},{"start":{"line":32,"column":4},"end":{"line":34,"column":null}}]},"2":{"loc":{"start":{"line":32,"column":8},"end":{"line":32,"column":11}},"type":"binary-expr","locations":[{"start":{"line":32,"column":8},"end":{"line":32,"column":11}},{"start":{"line":32,"column":15},"end":{"line":32,"column":22}}]},"3":{"loc":{"start":{"line":39,"column":4},"end":{"line":44,"column":null}},"type":"if","locations":[{"start":{"line":39,"column":4},"end":{"line":44,"column":null}},{"start":{"line":39,"column":4},"end":{"line":44,"column":null}}]},"4":{"loc":{"start":{"line":52,"column":4},"end":{"line":54,"column":null}},"type":"if","locations":[{"start":{"line":52,"column":4},"end":{"line":54,"column":null}},{"start":{"line":52,"column":4},"end":{"line":54,"column":null}}]},"5":{"loc":{"start":{"line":52,"column":8},"end":{"line":52,"column":18}},"type":"binary-expr","locations":[{"start":{"line":52,"column":8},"end":{"line":52,"column":18}},{"start":{"line":52,"column":22},"end":{"line":52,"column":29}}]},"6":{"loc":{"start":{"line":68,"column":4},"end":{"line":70,"column":null}},"type":"if","locations":[{"start":{"line":68,"column":4},"end":{"line":70,"column":null}},{"start":{"line":68,"column":4},"end":{"line":70,"column":null}}]},"7":{"loc":{"start":{"line":68,"column":8},"end":{"line":68,"column":16}},"type":"binary-expr","locations":[{"start":{"line":68,"column":8},"end":{"line":68,"column":16}},{"start":{"line":68,"column":20},"end":{"line":68,"column":27}}]},"8":{"loc":{"start":{"line":75,"column":8},"end":{"line":77,"column":null}},"type":"if","locations":[{"start":{"line":75,"column":8},"end":{"line":77,"column":null}},{"start":{"line":75,"column":8},"end":{"line":77,"column":null}}]}},"s":{"0":1,"1":1,"2":1,"3":1,"4":1,"5":2,"6":2,"7":2,"8":2,"9":2,"10":0,"11":2,"12":2,"13":1,"14":1,"15":1,"16":0,"17":0,"18":0,"19":0,"20":0,"21":0,"22":0,"23":0,"24":0,"25":1,"26":0,"27":0,"28":0,"29":0,"30":0,"31":0,"32":0,"33":1,"34":0,"35":0,"36":0,"37":0,"38":0,"39":0,"40":0,"41":0,"42":0,"43":0,"44":0,"45":0,"46":0,"47":1},"f":{"0":2,"1":2,"2":0,"3":0,"4":0,"5":0,"6":0,"7":0},"b":{"0":[0,2],"1":[0,0],"2":[0,0],"3":[0,0],"4":[0,0],"5":[0,0],"6":[0,0],"7":[0,0],"8":[0,0]}}
,"C:\\Users\\703922\\.vscode\\React\\React_TypeScript\\LeagueOfLegends-TypeScript\\server\\utils\\utils.ts": {"path":"C:\\Users\\703922\\.vscode\\React\\React_TypeScript\\LeagueOfLegends-TypeScript\\server\\utils\\utils.ts","statementMap":{"0":{"start":{"line":1,"column":23},"end":{"line":3,"column":1}},"1":{"start":{"line":2,"column":4},"end":{"line":2,"column":49}},"2":{"start":{"line":1,"column":13},"end":{"line":1,"column":23}},"3":{"start":{"line":5,"column":35},"end":{"line":7,"column":1}},"4":{"start":{"line":6,"column":4},"end":{"line":6,"column":97}},"5":{"start":{"line":5,"column":13},"end":{"line":5,"column":35}},"6":{"start":{"line":9,"column":41},"end":{"line":11,"column":1}},"7":{"start":{"line":10,"column":4},"end":{"line":10,"column":89}},"8":{"start":{"line":9,"column":13},"end":{"line":9,"column":41}},"9":{"start":{"line":13,"column":28},"end":{"line":15,"column":1}},"10":{"start":{"line":14,"column":4},"end":{"line":14,"column":97}},"11":{"start":{"line":13,"column":13},"end":{"line":13,"column":28}},"12":{"start":{"line":17,"column":33},"end":{"line":19,"column":1}},"13":{"start":{"line":18,"column":4},"end":{"line":18,"column":80}},"14":{"start":{"line":17,"column":13},"end":{"line":17,"column":33}}},"fnMap":{"0":{"name":"(anonymous_0)","decl":{"start":{"line":1,"column":23},"end":{"line":1,"column":24}},"loc":{"start":{"line":1,"column":42},"end":{"line":3,"column":1}}},"1":{"name":"(anonymous_1)","decl":{"start":{"line":5,"column":35},"end":{"line":5,"column":36}},"loc":{"start":{"line":5,"column":74},"end":{"line":7,"column":1}}},"2":{"name":"(anonymous_2)","decl":{"start":{"line":9,"column":41},"end":{"line":9,"column":42}},"loc":{"start":{"line":9,"column":72},"end":{"line":11,"column":1}}},"3":{"name":"(anonymous_3)","decl":{"start":{"line":13,"column":28},"end":{"line":13,"column":29}},"loc":{"start":{"line":13,"column":66},"end":{"line":15,"column":1}}},"4":{"name":"(anonymous_4)","decl":{"start":{"line":17,"column":33},"end":{"line":17,"column":34}},"loc":{"start":{"line":17,"column":68},"end":{"line":19,"column":1}}}},"branchMap":{},"s":{"0":2,"1":7,"2":2,"3":2,"4":3,"5":2,"6":2,"7":1,"8":2,"9":2,"10":1,"11":2,"12":2,"13":1,"14":2},"f":{"0":7,"1":3,"2":1,"3":1,"4":1},"b":{}}
}
